{
  "0 debug pnpm:scope": {
    "selected": 1
  },
  "1 error pnpm": {
    "code": "ELIFECYCLE",
    "errno": "ENOENT",
    "syscall": "spawn",
    "file": "sh",
    "pkgid": "test-urql@0.0.1",
    "stage": "dev",
    "script": "svelte-kit dev",
    "pkgname": "test-urql",
    "err": {
      "name": "pnpm",
      "message": "test-urql@0.0.1 dev: `svelte-kit dev`\nspawn ENOENT",
      "code": "ELIFECYCLE",
      "stack": "pnpm: test-urql@0.0.1 dev: `svelte-kit dev`\nspawn ENOENT\n    at ChildProcess.<anonymous> (/home/scott/.nvm/versions/node/v14.16.1/pnpm-global/5/node_modules/.pnpm/pnpm@6.17.0/node_modules/pnpm/dist/pnpm.cjs:93136:22)\n    at ChildProcess.emit (events.js:315:20)\n    at maybeClose (internal/child_process.js:1048:16)\n    at Process.ChildProcess._handle.onexit (internal/child_process.js:288:5)"
    }
  },
  "2 warn pnpm:global": " Local package.json exists, but node_modules missing, did you mean to install?"
}